2026-03-22 20:02:45 | DEBUG    | failsafe.session | Recorded entry: missing_values → PASS
2026-03-22 20:02:46 | DEBUG    | failsafe.session | Recorded entry: wrong_dtypes → PASS
2026-03-22 20:02:48 | DEBUG    | failsafe.session | Recorded entry: empty_dataset → ValueError
2026-03-22 20:02:49 | DEBUG    | failsafe.session | Recorded entry: null_column → PASS
2026-03-22 20:02:51 | DEBUG    | failsafe.session | Recorded entry: duplicate_rows → PASS
2026-03-22 20:02:52 | DEBUG    | failsafe.session | Recorded entry: wrong_column_name → PASS
2026-03-22 20:02:54 | DEBUG    | failsafe.session | Recorded entry: extra_whitespace → PASS
2026-04-06 12:31:36 | DEBUG    | failsafe.session | Recorded entry: undefined_variable → IndentationError
2026-04-06 12:32:58 | DEBUG    | failsafe.session | Recorded entry: undefined_variable → IndentationError
2026-04-06 12:33:06 | DEBUG    | failsafe.session | Recorded entry: file_not_found → IndentationError
2026-04-06 12:33:13 | DEBUG    | failsafe.session | Recorded entry: division_by_zero → IndentationError
2026-04-06 12:33:50 | DEBUG    | failsafe.session | Recorded entry: import_error → IndentationError
2026-05-17 21:11:33 | DEBUG    | failsafe.session | Recorded entry: undefined_variable → SyntaxError
2026-05-17 21:12:24 | DEBUG    | failsafe.session | Recorded entry: file_not_found → SyntaxError
2026-05-17 21:13:07 | DEBUG    | failsafe.session | Recorded entry: key_error → SyntaxError
2026-05-17 21:13:49 | DEBUG    | failsafe.session | Recorded entry: infinite_loop → SyntaxError
2026-05-17 21:14:35 | DEBUG    | failsafe.session | Recorded entry: recursion_error → SyntaxError
2026-05-17 21:30:32 | DEBUG    | failsafe.session | Recorded entry: undefined_variable → EnvironmentError
2026-05-17 21:31:13 | DEBUG    | failsafe.session | Recorded entry: file_not_found → EnvironmentError
2026-05-17 21:31:54 | DEBUG    | failsafe.session | Recorded entry: infinite_loop → EnvironmentError
2026-05-17 21:32:42 | DEBUG    | failsafe.session | Recorded entry: import_error → EnvironmentError
2026-05-17 21:33:49 | DEBUG    | failsafe.session | Recorded entry: wrong_type_operation → EnvironmentError
2026-05-17 21:47:47 | DEBUG    | failsafe.session | Recorded entry: undefined_variable → IndentationError
2026-05-17 21:48:35 | DEBUG    | failsafe.session | Recorded entry: file_not_found → IndentationError
2026-05-17 21:49:52 | DEBUG    | failsafe.session | Recorded entry: infinite_loop → IndentationError
2026-05-17 21:51:00 | DEBUG    | failsafe.session | Recorded entry: import_error → IndentationError
2026-05-17 21:52:04 | DEBUG    | failsafe.session | Recorded entry: wrong_type_operation → IndentationError
2026-05-17 21:58:51 | DEBUG    | failsafe.session | Recorded entry: undefined_variable → NameError
2026-05-17 21:59:47 | DEBUG    | failsafe.session | Recorded entry: file_not_found → FileNotFoundError
2026-05-17 22:01:08 | DEBUG    | failsafe.session | Recorded entry: infinite_loop → PASS
2026-05-17 22:02:15 | DEBUG    | failsafe.session | Recorded entry: wrong_type_operation → TypeError
2026-05-17 22:03:23 | DEBUG    | failsafe.session | Recorded entry: key_error → KeyError
